<?xml version='1.0' encoding='UTF-8' ?>
<testsuites>
    <testsuite name="Pixel2-28-en-portrait" tests="1" failures="0" flakes="0" errors="0" skipped="0" time="5.000"
               timestamp="2020-10-05T12:00:00" hostname="localhost">
        <testcase name="testA"
                  classname="com.example.TestClass1"
                  time="5.000">
            <webLink>
                https://console.firebase.google.com/project/fake-project-id/testlab/histories/history-id/matrices/matrices-id/executions/execution-1/testcases/1
            </webLink>
        </testcase>
    </testsuite>
    <testsuite name="Pixel2-28-en-portrait" tests="1" failures="1" flakes="0" errors="0" skipped="0" time="6.000"
               timestamp="2020-10-05T12:00:00" hostname="localhost">
        <testcase name="testB"
                  classname="com.example.TestClass1" time="6.000">
            <failure>Failure reason 1</failure>
            <webLink>
                https://console.firebase.google.com/project/fake-project-id/testlab/histories/history-id/matrices/matrices-id/executions/execution-2/testcases/1
            </webLink>
        </testcase>
    </testsuite>
    <testsuite name="Pixel2-28-en-portrait" tests="2" failures="2" flakes="0" errors="0" skipped="0" time="7.000"
               timestamp="2020-10-05T12:00:00" hostname="localhost">
        <testcase name="testB"
                  classname="com.example.TestClass1" time="6.000">
            <failure>Failure reason 2</failure>
            <webLink>
                https://console.firebase.google.com/project/fake-project-id/testlab/histories/history-id/matrices/matrices-id/executions/execution-3/testcases/1
            </webLink>
        </testcase>
        <testcase name="testA"
                  classname="com.example.TestClass2" time="6.000">
            <failure>Failure reason 3</failure>
            <webLink>
                https://console.firebase.google.com/project/fake-project-id/testlab/histories/history-id/matrices/matrices-id/executions/execution-3/testcases/2
            </webLink>
        </testcase>
    </testsuite>
</testsuites>
